MulCC/build/outputs/logs/manifest-merger-debug-report.txt
-- Merging decision tree log ---
manifest
ADDED from Downloads/MulCC/AndroidManifest.xml:2:1-36:12
	package
		ADDED from Downloads/MulCC/AndroidManifest.xml:3:5-32
	android:versionName
		ADDED from Downloads/MulCC/AndroidManifest.xml:5:5-30
		INJECTED from Downloads/MulCC/AndroidManifest.xml
		INJECTED from Downloads/MulCC/AndroidManifest.xml
	android:versionCode
		ADDED from Downloads/MulCC/AndroidManifest.xml:4:5-28
		INJECTED from Downloads/MulCC/AndroidManifest.xml
		INJECTED from Downloads/MulCC/AndroidManifest.xml
	xmlns:android
		ADDED from Downloads/MulCC/AndroidManifest.xml:2:11-69
uses-sdk
ADDED from Downloads/MulCC/AndroidManifest.xml:7:5-9:41
	android:targetSdkVersion
		ADDED from Downloads/MulCC/AndroidManifest.xml:9:9-38
	android:minSdkVersion
		ADDED from Downloads/MulCC/AndroidManifest.xml:8:9-35
uses-permission#android.permission.BLUETOOTH
ADDED from Downloads/MulCC/AndroidManifest.xml:11:5-67
	android:name
		ADDED from Downloads/MulCC/AndroidManifest.xml:11:22-65
uses-permission#android.permission.BLUETOOTH_ADMIN
ADDED from Downloads/MulCC/AndroidManifest.xml:12:2-70
	android:name
		ADDED from Downloads/MulCC/AndroidManifest.xml:12:19-68
application
ADDED from Downloads/MulCC/AndroidManifest.xml:14:5-34:19
	android:label
		ADDED from Downloads/MulCC/AndroidManifest.xml:17:9-41
	android:allowBackup
		ADDED from Downloads/MulCC/AndroidManifest.xml:15:9-35
	android:icon
		ADDED from Downloads/MulCC/AndroidManifest.xml:16:9-43
	android:theme
		ADDED from Downloads/MulCC/AndroidManifest.xml:18:9-40
activity#org.example.mulcc.MainActivity
ADDED from Downloads/MulCC/AndroidManifest.xml:19:9-27:20
	android:label
		ADDED from Downloads/MulCC/AndroidManifest.xml:21:13-45
	android:name
		ADDED from Downloads/MulCC/AndroidManifest.xml:20:13-41
intent-filter#android.intent.action.MAIN+android.intent.category.LAUNCHER
ADDED from Downloads/MulCC/AndroidManifest.xml:22:13-26:29
action#android.intent.action.MAIN
ADDED from Downloads/MulCC/AndroidManifest.xml:23:17-69
	android:name
		ADDED from Downloads/MulCC/AndroidManifest.xml:23:25-66
category#android.intent.category.LAUNCHER
ADDED from Downloads/MulCC/AndroidManifest.xml:25:17-77
	android:name
		ADDED from Downloads/MulCC/AndroidManifest.xml:25:27-74
activity#org.example.mulcc.buttonButtonActivity
ADDED from Downloads/MulCC/AndroidManifest.xml:28:9-30:45
	android:label
		ADDED from Downloads/MulCC/AndroidManifest.xml:30:13-43
	android:name
		ADDED from Downloads/MulCC/AndroidManifest.xml:29:13-66
activity#org.example.mulcc.gravityButtonActivity
ADDED from Downloads/MulCC/AndroidManifest.xml:31:9-33:46
	android:label
		ADDED from Downloads/MulCC/AndroidManifest.xml:33:13-44
	android:name
		ADDED from Downloads/MulCC/AndroidManifest.xml:32:13-67